#
# A fatal error has been detected by the Java Runtime Environment:
#
#  Internal Error (0xc000000d), pid=6748, tid=0x0000000000000a9c
#
# JRE version: Java(TM) SE Runtime Environment (8.0_101-b13) (build 1.8.0_101-b13)
# Java VM: Java HotSpot(TM) 64-Bit Server VM (25.101-b13 mixed mode windows-amd64 compressed oops)
# Problematic frame:
# C  [ntdll.dll+0xfe5bc]
#
# Failed to write core dump. Minidumps are not enabled by default on client versions of Windows
#
# If you would like to submit a bug report, please visit:
#   http://bugreport.java.com/bugreport/crash.jsp
#

---------------  T H R E A D  ---------------

Current thread (0x0000000017ea9000):  VMThread [stack: 0x0000000019b90000,0x0000000019c90000] [id=2716]

siginfo: ExceptionCode=0xc000000d

Registers:
RAX=0x0000000000000000, RBX=0x0000000021be15e0, RCX=0x0000000000000000, RDX=0x0000000000000000
RSP=0x0000000019c8e810, RBP=0x0000000000000000, RSI=0x00000000219fb820, RDI=0x00000000219fa510
R8 =0x0000000000000000, R9 =0x0000000000000000, R10=0x0000000000000000, R11=0x0000000000000000
R12=0x0000000000000000, R13=0x00000000ffffffff, R14=0x00000000219dda00, R15=0x00000000219fb820
RIP=0x00007ff92961e5bc, EFLAGS=0x0000000000000206

Top of Stack: (sp=0x0000000019c8e810)
0x0000000019c8e810:   0000000000000057 0000000021be15e0
0x0000000019c8e820:   00000000219fb820 00000000219fa510
0x0000000019c8e830:   00000000c000000d 0000000000000000
0x0000000019c8e840:   00007ff92961e5bc 0000000000000000
0x0000000019c8e850:   0000000000000000 0000000000000000
0x0000000019c8e860:   0000000000000000 0000000000000000
0x0000000019c8e870:   0000000000000000 0000000000000000
0x0000000019c8e880:   0000000000000000 0000000000000000
0x0000000019c8e890:   0000000000000000 0000000000000000
0x0000000019c8e8a0:   0000000000000000 0000000000000000
0x0000000019c8e8b0:   0000000000000000 0000000000000000
0x0000000019c8e8c0:   0000000000000000 00007ff92955c468
0x0000000019c8e8d0:   0000ac9e333e9621 0000000000000000
0x0000000019c8e8e0:   0000000000000000 00007ff9295e09fb
0x0000000019c8e8f0:   0000000000000000 00007ff908bbe8db
0x0000000019c8e900:   0000000000000000 0000000000000000 

Instructions: (pc=0x00007ff92961e5bc)
0x00007ff92961e59c:   d1 fa ff c7 44 24 20 0d 00 00 c0 b9 57 00 00 00
0x00007ff92961e5ac:   e8 cf 0f f6 ff 90 48 8d 4c 24 20 e8 54 bb f4 ff
0x00007ff92961e5bc:   eb 00 48 8b 8c 24 c0 00 00 00 48 33 cc e8 82 70
0x00007ff92961e5cc:   f9 ff 48 81 c4 d8 00 00 00 c3 40 55 48 83 ec 20 


Register to memory mapping:

RAX=0x0000000000000000 is an unknown value
RBX=0x0000000021be15e0 is an unknown value
RCX=0x0000000000000000 is an unknown value
RDX=0x0000000000000000 is an unknown value
RSP=0x0000000019c8e810 is an unknown value
RBP=0x0000000000000000 is an unknown value
RSI=0x00000000219fb820 is an unknown value
RDI=0x00000000219fa510 is an unknown value
R8 =0x0000000000000000 is an unknown value
R9 =0x0000000000000000 is an unknown value
R10=0x0000000000000000 is an unknown value
R11=0x0000000000000000 is an unknown value
R12=0x0000000000000000 is an unknown value
R13=0x00000000ffffffff is an unallocated location in the heap
R14=0x00000000219dda00 is an unknown value
R15=0x00000000219fb820 is an unknown value


Stack: [0x0000000019b90000,0x0000000019c90000],  sp=0x0000000019c8e810,  free space=1018k
Native frames: (J=compiled Java code, j=interpreted, Vv=VM code, C=native code)

VM_Operation (0x000000002072d3a0): Exit, mode: safepoint, requested by thread 0x000000001af10000


---------------  P R O C E S S  ---------------

Java Threads: ( => current thread )
  0x000000001af10000 JavaThread "AWT-EventQueue-0" [_thread_blocked, id=8676, stack(0x0000000020630000,0x0000000020730000)]
  0x000000001aedd800 JavaThread "AWT-Shutdown" [_thread_blocked, id=3188, stack(0x000000001b800000,0x000000001b900000)]
  0x000000001ae86800 JavaThread "Java2D Disposer" daemon [_thread_blocked, id=5208, stack(0x000000001b660000,0x000000001b760000)]
  0x0000000019e4f800 JavaThread "Service Thread" daemon [_thread_blocked, id=4248, stack(0x000000001a980000,0x000000001aa80000)]
  0x0000000019dc9000 JavaThread "C1 CompilerThread3" daemon [_thread_blocked, id=5232, stack(0x000000001a880000,0x000000001a980000)]
  0x0000000019dc1800 JavaThread "C2 CompilerThread2" daemon [_thread_blocked, id=7608, stack(0x000000001a780000,0x000000001a880000)]
  0x0000000019dbd000 JavaThread "C2 CompilerThread1" daemon [_thread_blocked, id=8092, stack(0x000000001a680000,0x000000001a780000)]
  0x0000000019dba000 JavaThread "C2 CompilerThread0" daemon [_thread_blocked, id=1628, stack(0x000000001a580000,0x000000001a680000)]
  0x0000000019db6800 JavaThread "Attach Listener" daemon [_thread_blocked, id=4968, stack(0x000000001a480000,0x000000001a580000)]
  0x0000000019db5000 JavaThread "Signal Dispatcher" daemon [_thread_blocked, id=7500, stack(0x000000001a380000,0x000000001a480000)]
  0x0000000019db0800 JavaThread "Finalizer" daemon [_thread_blocked, id=4480, stack(0x000000001a190000,0x000000001a290000)]
  0x0000000002e56000 JavaThread "Reference Handler" daemon [_thread_blocked, id=9344, stack(0x0000000019c90000,0x0000000019d90000)]
  0x0000000002d60800 JavaThread "main" [_thread_blocked, id=6040, stack(0x0000000002c40000,0x0000000002d40000)]

Other Threads:
=>0x0000000017ea9000 VMThread [stack: 0x0000000019b90000,0x0000000019c90000] [id=2716]

VM state:at safepoint (shutting down)

VM Mutex/Monitor currently owned by a thread:  ([mutex/lock_event])
[0x0000000002d5c830] Threads_lock - owner thread: 0x0000000017ea9000

Heap:
 PSYoungGen      total 32256K, used 20152K [0x00000000d5600000, 0x00000000d7b80000, 0x0000000100000000)
  eden space 28160K, 61% used [0x00000000d5600000,0x00000000d66cb228,0x00000000d7180000)
  from space 4096K, 72% used [0x00000000d7780000,0x00000000d7a63030,0x00000000d7b80000)
  to   space 5120K, 0% used [0x00000000d7180000,0x00000000d7180000,0x00000000d7680000)
 ParOldGen       total 87552K, used 1888K [0x0000000080200000, 0x0000000085780000, 0x00000000d5600000)
  object space 87552K, 2% used [0x0000000080200000,0x00000000803d8268,0x0000000085780000)
 Metaspace       used 9330K, capacity 9568K, committed 9728K, reserved 1058816K
  class space    used 1071K, capacity 1159K, committed 1280K, reserved 1048576K

Card table byte_map: [0x0000000012220000,0x0000000012620000] byte_map_base: 0x0000000011e1f000

Marking Bits: (ParMarkBitMap*) 0x000000005f2ba6d0
 Begin Bits: [0x00000000130d0000, 0x00000000150c8000)
 End Bits:   [0x00000000150c8000, 0x00000000170c0000)

Polling page: 0x0000000000fb0000

CodeCache: size=245760Kb used=3186Kb max_used=3186Kb free=242573Kb
 bounds [0x0000000002e60000, 0x0000000003180000, 0x0000000011e60000]
 total_blobs=1532 nmethods=908 adapters=538
 compilation: enabled

Compilation events (10 events):
Event: 21.242 Thread 0x0000000019dc9000  904       3       java.awt.GraphicsEnvironment::getHeadlessProperty (22 bytes)
Event: 21.242 Thread 0x0000000019dc9000 nmethod 904 0x000000000317c010 code [0x000000000317c1a0, 0x000000000317c668]
Event: 21.264 Thread 0x0000000019dc9000  905  s    3       javax.swing.RepaintManager$ProcessingRunnable::markPending (16 bytes)
Event: 21.264 Thread 0x0000000019dc9000 nmethod 905 0x000000000317c790 code [0x000000000317c900, 0x000000000317cc50]
Event: 21.281 Thread 0x0000000019dc9000  906   !   3       sun.awt.AWTAutoShutdown::notifyThreadBusy (88 bytes)
Event: 21.281 Thread 0x0000000019dc9000 nmethod 906 0x000000000317cd10 code [0x000000000317cec0, 0x000000000317d658]
Event: 21.321 Thread 0x0000000019dc9000  907       1       java.lang.System::getSecurityManager (4 bytes)
Event: 21.321 Thread 0x0000000019dc9000 nmethod 907 0x0000000003172a10 code [0x0000000003172b60, 0x0000000003172c50]
Event: 21.632 Thread 0x0000000019dc9000  908       3       java.awt.Component::repaint (16 bytes)
Event: 21.632 Thread 0x0000000019dc9000 nmethod 908 0x000000000317d9d0 code [0x000000000317db40, 0x000000000317dd68]

GC Heap History (10 events):
Event: 17.309 GC heap before
{Heap before GC invocations=10 (full 0):
 PSYoungGen      total 34816K, used 34355K [0x00000000d5600000, 0x00000000d7f00000, 0x0000000100000000)
  eden space 30720K, 98% used [0x00000000d5600000,0x00000000d73b0ca0,0x00000000d7400000)
  from space 4096K, 96% used [0x00000000d7480000,0x00000000d785c040,0x00000000d7880000)
  to   space 5632K, 0% used [0x00000000d7980000,0x00000000d7980000,0x00000000d7f00000)
 ParOldGen       total 87552K, used 1688K [0x0000000080200000, 0x0000000085780000, 0x00000000d5600000)
  object space 87552K, 1% used [0x0000000080200000,0x00000000803a6268,0x0000000085780000)
 Metaspace       used 9214K, capacity 9428K, committed 9728K, reserved 1058816K
  class space    used 1070K, capacity 1159K, committed 1280K, reserved 1048576K
Event: 17.311 GC heap after
Heap after GC invocations=10 (full 0):
 PSYoungGen      total 35328K, used 2956K [0x00000000d5600000, 0x00000000d7e80000, 0x0000000100000000)
  eden space 30208K, 0% used [0x00000000d5600000,0x00000000d5600000,0x00000000d7380000)
  from space 5120K, 57% used [0x00000000d7980000,0x00000000d7c63030,0x00000000d7e80000)
  to   space 5632K, 0% used [0x00000000d7380000,0x00000000d7380000,0x00000000d7900000)
 ParOldGen       total 87552K, used 1712K [0x0000000080200000, 0x0000000085780000, 0x00000000d5600000)
  object space 87552K, 1% used [0x0000000080200000,0x00000000803ac268,0x0000000085780000)
 Metaspace       used 9214K, capacity 9428K, committed 9728K, reserved 1058816K
  class space    used 1070K, capacity 1159K, committed 1280K, reserved 1048576K
}
Event: 17.949 GC heap before
{Heap before GC invocations=11 (full 0):
 PSYoungGen      total 35328K, used 32450K [0x00000000d5600000, 0x00000000d7e80000, 0x0000000100000000)
  eden space 30208K, 97% used [0x00000000d5600000,0x00000000d72cdb68,0x00000000d7380000)
  from space 5120K, 57% used [0x00000000d7980000,0x00000000d7c63030,0x00000000d7e80000)
  to   space 5632K, 0% used [0x00000000d7380000,0x00000000d7380000,0x00000000d7900000)
 ParOldGen       total 87552K, used 1712K [0x0000000080200000, 0x0000000085780000, 0x00000000d5600000)
  object space 87552K, 1% used [0x0000000080200000,0x00000000803ac268,0x0000000085780000)
 Metaspace       used 9232K, capacity 9436K, committed 9728K, reserved 1058816K
  class space    used 1070K, capacity 1159K, committed 1280K, reserved 1048576K
Event: 17.950 GC heap after
Heap after GC invocations=11 (full 0):
 PSYoungGen      total 32768K, used 2988K [0x00000000d5600000, 0x00000000d7e00000, 0x0000000100000000)
  eden space 29696K, 0% used [0x00000000d5600000,0x00000000d5600000,0x00000000d7300000)
  from space 3072K, 97% used [0x00000000d7380000,0x00000000d766b030,0x00000000d7680000)
  to   space 5632K, 0% used [0x00000000d7880000,0x00000000d7880000,0x00000000d7e00000)
 ParOldGen       total 87552K, used 1768K [0x0000000080200000, 0x0000000085780000, 0x00000000d5600000)
  object space 87552K, 2% used [0x0000000080200000,0x00000000803ba268,0x0000000085780000)
 Metaspace       used 9232K, capacity 9436K, committed 9728K, reserved 1058816K
  class space    used 1070K, capacity 1159K, committed 1280K, reserved 1048576K
}
Event: 18.589 GC heap before
{Heap before GC invocations=12 (full 0):
 PSYoungGen      total 32768K, used 31855K [0x00000000d5600000, 0x00000000d7e00000, 0x0000000100000000)
  eden space 29696K, 97% used [0x00000000d5600000,0x00000000d7230cc8,0x00000000d7300000)
  from space 3072K, 97% used [0x00000000d7380000,0x00000000d766b030,0x00000000d7680000)
  to   space 5632K, 0% used [0x00000000d7880000,0x00000000d7880000,0x00000000d7e00000)
 ParOldGen       total 87552K, used 1768K [0x0000000080200000, 0x0000000085780000, 0x00000000d5600000)
  object space 87552K, 2% used [0x0000000080200000,0x00000000803ba268,0x0000000085780000)
 Metaspace       used 9252K, capacity 9500K, committed 9728K, reserved 1058816K
  class space    used 1070K, capacity 1159K, committed 1280K, reserved 1048576K
Event: 18.590 GC heap after
Heap after GC invocations=12 (full 0):
 PSYoungGen      total 34304K, used 3856K [0x00000000d5600000, 0x00000000d7d80000, 0x0000000100000000)
  eden space 29184K, 0% used [0x00000000d5600000,0x00000000d5600000,0x00000000d7280000)
  from space 5120K, 75% used [0x00000000d7880000,0x00000000d7c44040,0x00000000d7d80000)
  to   space 5632K, 0% used [0x00000000d7280000,0x00000000d7280000,0x00000000d7800000)
 ParOldGen       total 87552K, used 1800K [0x0000000080200000, 0x0000000085780000, 0x00000000d5600000)
  object space 87552K, 2% used [0x0000000080200000,0x00000000803c2268,0x0000000085780000)
 Metaspace       used 9252K, capacity 9500K, committed 9728K, reserved 1058816K
  class space    used 1070K, capacity 1159K, committed 1280K, reserved 1048576K
}
Event: 19.515 GC heap before
{Heap before GC invocations=13 (full 0):
 PSYoungGen      total 34304K, used 32417K [0x00000000d5600000, 0x00000000d7d80000, 0x0000000100000000)
  eden space 29184K, 97% used [0x00000000d5600000,0x00000000d71e4798,0x00000000d7280000)
  from space 5120K, 75% used [0x00000000d7880000,0x00000000d7c44040,0x00000000d7d80000)
  to   space 5632K, 0% used [0x00000000d7280000,0x00000000d7280000,0x00000000d7800000)
 ParOldGen       total 87552K, used 1800K [0x0000000080200000, 0x0000000085780000, 0x00000000d5600000)
  object space 87552K, 2% used [0x0000000080200000,0x00000000803c2268,0x0000000085780000)
 Metaspace       used 9261K, capacity 9500K, committed 9728K, reserved 1058816K
  class space    used 1070K, capacity 1159K, committed 1280K, reserved 1048576K
Event: 19.517 GC heap after
Heap after GC invocations=13 (full 0):
 PSYoungGen      total 31744K, used 2988K [0x00000000d5600000, 0x00000000d7d00000, 0x0000000100000000)
  eden space 28672K, 0% used [0x00000000d5600000,0x00000000d5600000,0x00000000d7200000)
  from space 3072K, 97% used [0x00000000d7280000,0x00000000d756b030,0x00000000d7580000)
  to   space 5632K, 0% used [0x00000000d7780000,0x00000000d7780000,0x00000000d7d00000)
 ParOldGen       total 87552K, used 1848K [0x0000000080200000, 0x0000000085780000, 0x00000000d5600000)
  object space 87552K, 2% used [0x0000000080200000,0x00000000803ce268,0x0000000085780000)
 Metaspace       used 9261K, capacity 9500K, committed 9728K, reserved 1058816K
  class space    used 1070K, capacity 1159K, committed 1280K, reserved 1048576K
}
Event: 20.796 GC heap before
{Heap before GC invocations=14 (full 0):
 PSYoungGen      total 31744K, used 30935K [0x00000000d5600000, 0x00000000d7d00000, 0x0000000100000000)
  eden space 28672K, 97% used [0x00000000d5600000,0x00000000d714ae00,0x00000000d7200000)
  from space 3072K, 97% used [0x00000000d7280000,0x00000000d756b030,0x00000000d7580000)
  to   space 5632K, 0% used [0x00000000d7780000,0x00000000d7780000,0x00000000d7d00000)
 ParOldGen       total 87552K, used 1848K [0x0000000080200000, 0x0000000085780000, 0x00000000d5600000)
  object space 87552K, 2% used [0x0000000080200000,0x00000000803ce268,0x0000000085780000)
 Metaspace       used 9299K, capacity 9500K, committed 9728K, reserved 1058816K
  class space    used 1070K, capacity 1159K, committed 1280K, reserved 1048576K
Event: 20.798 GC heap after
Heap after GC invocations=14 (full 0):
 PSYoungGen      total 32256K, used 2956K [0x00000000d5600000, 0x00000000d7b80000, 0x0000000100000000)
  eden space 28160K, 0% used [0x00000000d5600000,0x00000000d5600000,0x00000000d7180000)
  from space 4096K, 72% used [0x00000000d7780000,0x00000000d7a63030,0x00000000d7b80000)
  to   space 5120K, 0% used [0x00000000d7180000,0x00000000d7180000,0x00000000d7680000)
 ParOldGen       total 87552K, used 1888K [0x0000000080200000, 0x0000000085780000, 0x00000000d5600000)
  object space 87552K, 2% used [0x0000000080200000,0x00000000803d8268,0x0000000085780000)
 Metaspace       used 9299K, capacity 9500K, committed 9728K, reserved 1058816K
  class space    used 1070K, capacity 1159K, committed 1280K, reserved 1048576K
}

Deoptimization events (1 events):
Event: 2.807 Thread 0x0000000002d60800 Uncommon trap: reason=unstable_if action=reinterpret pc=0x0000000003043380 method=Panel.matToBufferedImage(Lorg/opencv/core/Mat;)Ljava/awt/image/BufferedImage; @ 120

Internal exceptions (10 events):
Event: 0.122 Thread 0x0000000002d60800 Exception <a 'java/security/PrivilegedActionException'> (0x00000000d568ac48) thrown at [C:\re\workspace\8-2-build-windows-amd64-cygwin\jdk8u101\7261\hotspot\src\share\vm\prims\jvm.cpp, line 1386]
Event: 0.122 Thread 0x0000000002d60800 Exception <a 'java/security/PrivilegedActionException'> (0x00000000d568ae58) thrown at [C:\re\workspace\8-2-build-windows-amd64-cygwin\jdk8u101\7261\hotspot\src\share\vm\prims\jvm.cpp, line 1386]
Event: 0.152 Thread 0x0000000002d60800 Exception <a 'java/security/PrivilegedActionException'> (0x00000000d57949d8) thrown at [C:\re\workspace\8-2-build-windows-amd64-cygwin\jdk8u101\7261\hotspot\src\share\vm\prims\jvm.cpp, line 1386]
Event: 0.152 Thread 0x0000000002d60800 Exception <a 'java/security/PrivilegedActionException'> (0x00000000d5794be8) thrown at [C:\re\workspace\8-2-build-windows-amd64-cygwin\jdk8u101\7261\hotspot\src\share\vm\prims\jvm.cpp, line 1386]
Event: 0.153 Thread 0x0000000002d60800 Exception <a 'java/security/PrivilegedActionException'> (0x00000000d5798830) thrown at [C:\re\workspace\8-2-build-windows-amd64-cygwin\jdk8u101\7261\hotspot\src\share\vm\prims\jvm.cpp, line 1386]
Event: 0.153 Thread 0x0000000002d60800 Exception <a 'java/security/PrivilegedActionException'> (0x00000000d5798a40) thrown at [C:\re\workspace\8-2-build-windows-amd64-cygwin\jdk8u101\7261\hotspot\src\share\vm\prims\jvm.cpp, line 1386]
Event: 0.159 Thread 0x0000000002d60800 Exception <a 'java/io/FileNotFoundException'> (0x00000000d579f1f8) thrown at [C:\re\workspace\8-2-build-windows-amd64-cygwin\jdk8u101\7261\hotspot\src\share\vm\prims\jni.cpp, line 709]
Event: 0.198 Thread 0x0000000002d60800 Exception <a 'java/lang/NoSuchFieldError': method resolution failed> (0x00000000d586ca40) thrown at [C:\re\workspace\8-2-build-windows-amd64-cygwin\jdk8u101\7261\hotspot\src\share\vm\prims\methodHandles.cpp, line 1146]
Event: 0.200 Thread 0x0000000002d60800 Exception <a 'java/lang/NoSuchFieldError': method resolution failed> (0x00000000d5879e10) thrown at [C:\re\workspace\8-2-build-windows-amd64-cygwin\jdk8u101\7261\hotspot\src\share\vm\prims\methodHandles.cpp, line 1146]
Event: 0.239 Thread 0x0000000002d60800 Exception <a 'java/io/FileNotFoundException'> (0x00000000d590ddb0) thrown at [C:\re\workspace\8-2-build-windows-amd64-cygwin\jdk8u101\7261\hotspot\src\share\vm\prims\jni.cpp, line 709]

Events (10 events):
Event: 20.798 Executing VM operation: ParallelGCFailedAllocation done
Event: 21.747 Thread 0x0000000019dec800 Thread added: 0x0000000019dec800
Event: 21.747 Thread 0x0000000019ded000 Thread added: 0x0000000019ded000
Event: 21.747 Thread 0x0000000019dec800 Thread exited: 0x0000000019dec800
Event: 21.748 Thread 0x000000001af6b800 Thread exited: 0x000000001af6b800
Event: 21.748 loading class sun/java2d/pipe/hw/AccelDeviceEventNotifier
Event: 21.748 loading class sun/java2d/pipe/hw/AccelDeviceEventNotifier done
Event: 21.779 Thread 0x000000001aee2000 Thread exited: 0x000000001aee2000
Event: 21.848 Thread 0x0000000019ded000 Thread exited: 0x0000000019ded000
Event: 21.849 Executing VM operation: Exit


Dynamic libraries:
0x00007ff64b920000 - 0x00007ff64b957000 	C:\Program Files\Java\jre1.8.0_101\bin\javaw.exe
0x00007ff929520000 - 0x00007ff9296f1000 	C:\WINDOWS\SYSTEM32\ntdll.dll
0x00007ff928730000 - 0x00007ff9287db000 	C:\WINDOWS\System32\KERNEL32.DLL
0x00007ff926890000 - 0x00007ff926aad000 	C:\WINDOWS\System32\KERNELBASE.dll
0x00007ff928cc0000 - 0x00007ff928d62000 	C:\WINDOWS\System32\ADVAPI32.dll
0x00007ff928220000 - 0x00007ff9282be000 	C:\WINDOWS\System32\msvcrt.dll
0x00007ff9282c0000 - 0x00007ff928319000 	C:\WINDOWS\System32\sechost.dll
0x00007ff9293f0000 - 0x00007ff929511000 	C:\WINDOWS\System32\RPCRT4.dll
0x00007ff929280000 - 0x00007ff9293e5000 	C:\WINDOWS\System32\USER32.dll
0x00007ff925b10000 - 0x00007ff925b2e000 	C:\WINDOWS\System32\win32u.dll
0x00007ff928c80000 - 0x00007ff928cb4000 	C:\WINDOWS\System32\GDI32.dll
0x00007ff9266b0000 - 0x00007ff926832000 	C:\WINDOWS\System32\gdi32full.dll
0x00007ff919fb0000 - 0x00007ff91a229000 	C:\WINDOWS\WinSxS\amd64_microsoft.windows.common-controls_6595b64144ccf1df_6.0.14393.0_none_2d0f50fcbdb171b8\COMCTL32.dll
0x00007ff9288a0000 - 0x00007ff928b67000 	C:\WINDOWS\System32\combase.dll
0x00007ff925a10000 - 0x00007ff925b05000 	C:\WINDOWS\System32\ucrtbase.dll
0x00007ff925be0000 - 0x00007ff925c4a000 	C:\WINDOWS\System32\bcryptPrimitives.dll
0x00007ff926ab0000 - 0x00007ff926ade000 	C:\WINDOWS\System32\IMM32.DLL
0x000000005d850000 - 0x000000005d922000 	C:\Program Files\Java\jre1.8.0_101\bin\msvcr100.dll
0x000000005eaa0000 - 0x000000005f33a000 	C:\Program Files\Java\jre1.8.0_101\bin\server\jvm.dll
0x00007ff928b70000 - 0x00007ff928b78000 	C:\WINDOWS\System32\PSAPI.DLL
0x00007ff91cf00000 - 0x00007ff91cf09000 	C:\WINDOWS\SYSTEM32\WSOCK32.dll
0x00007ff9230a0000 - 0x00007ff9230aa000 	C:\WINDOWS\SYSTEM32\VERSION.dll
0x00007ff923010000 - 0x00007ff923033000 	C:\WINDOWS\SYSTEM32\WINMM.dll
0x00007ff928320000 - 0x00007ff92838a000 	C:\WINDOWS\System32\WS2_32.dll
0x00007ff922fe0000 - 0x00007ff92300b000 	C:\WINDOWS\SYSTEM32\WINMMBASE.dll
0x00007ff926840000 - 0x00007ff926882000 	C:\WINDOWS\System32\cfgmgr32.dll
0x000000005ea90000 - 0x000000005ea9f000 	C:\Program Files\Java\jre1.8.0_101\bin\verify.dll
0x000000005ea60000 - 0x000000005ea89000 	C:\Program Files\Java\jre1.8.0_101\bin\java.dll
0x000000005ea40000 - 0x000000005ea56000 	C:\Program Files\Java\jre1.8.0_101\bin\zip.dll
0x00007ff926d10000 - 0x00007ff928218000 	C:\WINDOWS\System32\SHELL32.dll
0x00007ff925f70000 - 0x00007ff92664a000 	C:\WINDOWS\System32\windows.storage.dll
0x00007ff9259b0000 - 0x00007ff9259fc000 	C:\WINDOWS\System32\powrprof.dll
0x00007ff926b50000 - 0x00007ff926ba2000 	C:\WINDOWS\System32\shlwapi.dll
0x00007ff925a00000 - 0x00007ff925a0f000 	C:\WINDOWS\System32\kernel.appcore.dll
0x00007ff925b30000 - 0x00007ff925bd9000 	C:\WINDOWS\System32\shcore.dll
0x00007ff925990000 - 0x00007ff9259a4000 	C:\WINDOWS\System32\profapi.dll
0x00007ff8fe2a0000 - 0x00007ff8fec75000 	C:\opencv\build\java\x64\opencv_java2413.dll
0x00007ff926bb0000 - 0x00007ff926ce7000 	C:\WINDOWS\System32\ole32.dll
0x00007ff915060000 - 0x00007ff915089000 	C:\WINDOWS\SYSTEM32\MSVFW32.dll
0x00007ff9150e0000 - 0x00007ff915100000 	C:\WINDOWS\SYSTEM32\AVIFIL32.dll
0x00007ff914fd0000 - 0x00007ff914fe8000 	C:\WINDOWS\SYSTEM32\AVICAP32.dll
0x00007ff9287e0000 - 0x00007ff92889f000 	C:\WINDOWS\System32\OLEAUT32.dll
0x00007ff921160000 - 0x00007ff92117c000 	C:\WINDOWS\SYSTEM32\MSACM32.dll
0x00007ff925c50000 - 0x00007ff925cec000 	C:\WINDOWS\System32\msvcp_win.dll
0x000000005d5e0000 - 0x000000005d778000 	C:\Program Files\Java\jre1.8.0_101\bin\awt.dll
0x00007ff9241b0000 - 0x00007ff92422a000 	C:\WINDOWS\SYSTEM32\apphelp.dll
0x00007ff923b00000 - 0x00007ff923b26000 	C:\WINDOWS\system32\DWMAPI.DLL
0x00007ff9244e0000 - 0x00007ff924575000 	C:\WINDOWS\system32\uxtheme.dll
0x00007ff9285d0000 - 0x00007ff92872b000 	C:\WINDOWS\System32\MSCTF.dll
0x00007ff913ce0000 - 0x00007ff913e6d000 	C:\WINDOWS\system32\d3d9.dll
0x00007ff910b70000 - 0x00007ff910d27000 	C:\WINDOWS\system32\nvspcap64.dll
0x00007ff928e40000 - 0x00007ff929269000 	C:\WINDOWS\System32\SETUPAPI.dll
0x00007ff91b250000 - 0x00007ff91b31c000 	C:\WINDOWS\SYSTEM32\WINHTTP.dll
0x00007ff921940000 - 0x00007ff921d33000 	C:\WINDOWS\system32\nvapi64.dll
0x00007ff924910000 - 0x00007ff9249af000 	C:\WINDOWS\SYSTEM32\dxgi.dll
0x00007ff9255f0000 - 0x00007ff92561c000 	C:\WINDOWS\SYSTEM32\SspiCli.dll
0x00007ff921d40000 - 0x00007ff921e26000 	C:\Program Files (x86)\NVIDIA Corporation\3D Vision\nvSCPAPI64.dll
0x000000005d800000 - 0x000000005d847000 	C:\Program Files\Java\jre1.8.0_101\bin\fontmanager.dll
0x00007ff928530000 - 0x00007ff9285cf000 	C:\WINDOWS\System32\clbcatq.dll
0x00007ff9134b0000 - 0x00007ff9134c8000 	C:\Windows\System32\devenum.dll
0x00007ff924d30000 - 0x00007ff924d62000 	C:\WINDOWS\SYSTEM32\ntmarta.dll
0x00007ff924580000 - 0x00007ff9245a8000 	C:\WINDOWS\SYSTEM32\DEVOBJ.dll
0x00007ff926650000 - 0x00007ff9266a5000 	C:\WINDOWS\System32\WINTRUST.dll
0x00007ff925980000 - 0x00007ff925990000 	C:\WINDOWS\System32\MSASN1.dll
0x00007ff925da0000 - 0x00007ff925f68000 	C:\WINDOWS\System32\CRYPT32.dll
0x00007ff91bb30000 - 0x00007ff91bb3a000 	C:\WINDOWS\SYSTEM32\msdmo.dll
0x00007ff90a210000 - 0x00007ff90a243000 	C:\Windows\System32\qcap.dll
0x00007ff9039c0000 - 0x00007ff903b83000 	C:\Windows\System32\quartz.dll
0x00007ff9258c0000 - 0x00007ff9258eb000 	C:\Windows\System32\bcrypt.dll
0x00007ff909e70000 - 0x00007ff909eb8000 	C:\Windows\System32\mfksproxy.dll
0x00007ff912f70000 - 0x00007ff912f8c000 	C:\Windows\System32\ATL.DLL
0x00007ff9164b0000 - 0x00007ff916618000 	C:\Windows\System32\MFPlat.DLL
0x00007ff916480000 - 0x00007ff9164ae000 	C:\Windows\System32\RTWorkQ.DLL
0x00007ff8fdc60000 - 0x00007ff8fe04b000 	C:\Windows\System32\MFCORE.dll
0x00007ff921190000 - 0x00007ff921199000 	C:\Windows\System32\ksuser.dll
0x00007ff925410000 - 0x00007ff92541b000 	C:\Windows\System32\CRYPTBASE.DLL
0x00007ff908120000 - 0x00007ff908173000 	C:\Windows\System32\FSClient.dll
0x00007ff906800000 - 0x00007ff90684d000 	C:\Windows\System32\MFSENSORGROUP.dll
0x00007ff923090000 - 0x00007ff92309b000 	C:\Windows\System32\AVRT.dll
0x00007ff91aa30000 - 0x00007ff91aa3d000 	C:\Windows\System32\vidcap.ax
0x00007ff910b10000 - 0x00007ff910b35000 	C:\Windows\System32\kswdmcap.ax
0x00007ff901cb0000 - 0x00007ff901e13000 	C:\Windows\System32\MFC42.dll
0x00007ff903910000 - 0x00007ff9039bf000 	C:\Windows\System32\ODBC32.dll
0x00007ff925270000 - 0x00007ff92527a000 	C:\Windows\System32\DPAPI.dll
0x00007ff9194c0000 - 0x00007ff919503000 	C:\WINDOWS\SYSTEM32\policymanager.dll
0x00007ff923500000 - 0x00007ff923591000 	C:\Windows\System32\msvcp110_win.dll
0x00007ff908ba0000 - 0x00007ff908c74000 	C:\Windows\System32\MFReadWrite.dll
0x00007ff9030e0000 - 0x00007ff903183000 	C:\Windows\System32\qedit.dll
0x00007ff928b80000 - 0x00007ff928c7a000 	C:\WINDOWS\System32\COMDLG32.dll
0x00007ff91c400000 - 0x00007ff91c599000 	C:\WINDOWS\WinSxS\amd64_microsoft.windows.gdiplus_6595b64144ccf1df_1.1.14393.187_none_730402f52114ff50\gdiplus.dll
0x00007ff907a30000 - 0x00007ff907b27000 	C:\Windows\System32\DDRAW.dll
0x00007ff91ef10000 - 0x00007ff91ef18000 	C:\Windows\System32\DCIMAN32.dll
0x00007ff8fb260000 - 0x00007ff8fb731000 	C:\Program Files\ffdshow\ffdshow.ax
0x00007ff90e3c0000 - 0x00007ff90e3ec000 	C:\WINDOWS\SYSTEM32\DINPUT.dll
0x00007ff919520000 - 0x00007ff91952c000 	C:\WINDOWS\SYSTEM32\msyuv.dll
0x00007ff920f00000 - 0x00007ff921092000 	C:\WINDOWS\SYSTEM32\dbghelp.dll

VM Arguments:
jvm_args: -Djava.library.path=C:\opencv\build\java\x64;C:\opencv\build\x64 -Dfile.encoding=Cp1252 
java_command: CoDec
java_class_path (initial): C:\Users\SherWorkHorse\workspace\CoDec\bin;C:\javacv-bin\;C:\javacv-bin\javacpp.jar;C:\javacv-bin\javacv-linux-x86.jar;C:\javacv-bin\javacv-linux-x86_64.jar;C:\javacv-bin\javacv-macosx-x86_64.jar;C:\javacv-bin\javacv-windows-x86.jar;C:\javacv-bin\javacv-windows-x86_64.jar;C:\javacv-bin\javacv.jar;C:\opencv\build\java\opencv-2413.jar
Launcher Type: SUN_STANDARD

Environment Variables:
JAVA_HOME=C:\Program Files\Java\jdk1.8.0_101
PATH=C:/Program Files/Java/jre1.8.0_101/bin/server;C:/Program Files/Java/jre1.8.0_101/bin;C:/Program Files/Java/jre1.8.0_101/lib/amd64;C:\ProgramData\Oracle\Java\javapath;C:\Program Files\NVIDIA GPU Computing Toolkit\CUDA\v7.5\bin;C:\Program Files\NVIDIA GPU Computing Toolkit\CUDA\v7.5\libnvvp;C:\Windows\system32;C:\Windows;C:\Windows\System32\Wbem;C:\Windows\System32\WindowsPowerShell\v1.0\;C:\Program Files (x86)\NVIDIA Corporation\PhysX\Common;C:\Users\SherWorkHorse\.dnx\bin;C:\Program Files\Microsoft DNX\Dnvm\;C:\Program Files\Microsoft SQL Server\130\Tools\Binn\;C:\Program Files\Git\cmd;C:\WINDOWS\system32;C:\WINDOWS;C:\WINDOWS\System32\Wbem;C:\WINDOWS\System32\WindowsPowerShell\v1.0\;C:\Users\SherWorkHorse\Documents\apache-ant-1.9.7-bin\apache-ant-1.9.7\bin;C:\opencv\build\java\;C:\opencv\build\java\x64;C:\Program Files\ffdshow;C:\opencv\build\x64\vc11\bin;C:\opencv\build\x64\vc12\bin;C:\opencv\build\x86\vc11\bin;"C:\Program Files\Java\jdk1.8.0_101\bin\javac.exe";"C:\Program Files\Java\jdk1.8.0_101\bin";%USERPROFILE%\AppData\Local\Microsoft\WindowsApps;;C:\Users\SherWorkHorse\Desktop;
USERNAME=SherWorkHorse
OS=Windows_NT
PROCESSOR_IDENTIFIER=Intel64 Family 6 Model 30 Stepping 5, GenuineIntel



---------------  S Y S T E M  ---------------

OS: Windows 10.0 , 64 bit Build 14393 (10.0.14393.0)

CPU:total 8 (4 cores per cpu, 2 threads per core) family 6 model 30 stepping 5, cmov, cx8, fxsr, mmx, sse, sse2, sse3, ssse3, sse4.1, sse4.2, popcnt, ht, tsc, tscinvbit

Memory: 4k page, physical 8379440k(3812896k free), swap 10345520k(3627832k free)

vm_info: Java HotSpot(TM) 64-Bit Server VM (25.101-b13) for windows-amd64 JRE (1.8.0_101-b13), built on Jun 22 2016 01:21:29 by "java_re" with MS VC++ 10.0 (VS2010)

time: Thu Sep 29 15:52:17 2016
elapsed time: 22 seconds (0d 0h 0m 22s)

